C51 COMPILER V9.60.7.0   MY_GPIO                                                           08/09/2024 15:55:03 PAGE 1   


C51 COMPILER V9.60.7.0, COMPILATION OF MODULE MY_GPIO
OBJECT MODULE PLACED IN .\Release\Objects\my_gpio.obj
COMPILER INVOKED BY: C:\Keil_v5\C51\BIN\C51.EXE ..\..\Hardware\my_gpio.c LARGE OPTIMIZE(8,SIZE) BROWSE INTVECTOR(0X000C)
                    - INCDIR(..\..\Libraries\Include;..\..\User;..\..\User\lib;..\..\Hardware;..\..\Lowpower;..\..\App) INTERVAL(3) DEBUG OBJ
                    -ECTEXTEND PRINT(.\Release\Listings\my_gpio.lst) OBJECT(.\Release\Objects\my_gpio.obj)

line level    source

   1          // GPIO配置的源文件
   2          #include "my_gpio.h"
   3          
   4          // 输出引脚初始化（测试用）
   5          // P1_1
   6          void output_pin_init(void)
   7          {
   8   1          P1_MD0 &= ~(GPIO_P11_MODE_SEL(0x1)); // 对应的寄存器先清零
   9   1          P1_MD0 |= GPIO_P11_MODE_SEL(0x1);    // 配置为输出模式
  10   1      
  11   1          FOUT_S11 = GPIO_FOUT_AF_FUNC; // 选择AF功能输出
  12   1      
  13   1          // 位操作
  14   1          P11 = 1;
  15   1      }
  16          
  17          /**
  18           * @brief P11配置为输出模式
  19           */
  20          void p11_output_config(void)
  21          {
  22   1          P1_MD0 &= ~(GPIO_P11_MODE_SEL(0x1)); // 对应的寄存器先清零
  23   1          P1_MD0 |= GPIO_P11_MODE_SEL(0x1);    // 配置为输出模式
  24   1      
  25   1          FOUT_S11 = GPIO_FOUT_AF_FUNC; // 选择AF功能输出
  26   1      
  27   1          P1_PU |= GPIO_P11_PULL_UP(0x01); // 内部的上拉电阻
  28   1          P1_PD |= GPIO_P11_PULL_PD(0x01); // 内部的下拉电阻
  29   1          // 配置完上下拉电阻后，这个引脚就相当于浮空状态，同时能够避免一些电路的干扰
  30   1      
  31   1          // 位操作
  32   1          P11 = 1;
  33   1      }
  34          
  35          /**
  36           * @brief P12配置为输出模式
  37           */
  38          void p12_output_config(void)
  39          {
  40   1          P1_MD0 &= ~(GPIO_P12_MODE_SEL(0x1)); // 对应的寄存器先清零
  41   1          P1_MD0 |= GPIO_P12_MODE_SEL(0x1);    // 配置为输出模式
  42   1      
  43   1          FOUT_S12 = GPIO_FOUT_AF_FUNC; // 选择AF功能输出
  44   1      
  45   1          P1_PU |= GPIO_P12_PULL_UP(0x01); // 内部的上拉电阻
  46   1          P1_PD |= GPIO_P12_PULL_PD(0x01); // 内部的下拉电阻
  47   1          // 配置完上下拉电阻后，这个引脚就相当于浮空状态，同时能够避免一些电路的干扰
  48   1      
  49   1          // 位操作
  50   1          P12 = 1;
  51   1      }
  52          
  53          /**
C51 COMPILER V9.60.7.0   MY_GPIO                                                           08/09/2024 15:55:03 PAGE 2   

  54           * @brief P01配置为输出模式
  55           *        P01在开发板是连接到了LED6的正极
  56           */
  57          void p01_output_config(void)
  58          {
  59   1          P0_MD0 &= ~(GPIO_P01_MODE_SEL(0x1)); // 对应的寄存器先清零
  60   1          P0_MD0 |= GPIO_P01_MODE_SEL(0x1);    // 配置为输出模式
  61   1      
  62   1          FOUT_S01 = GPIO_FOUT_AF_FUNC; // 选择AF功能输出
  63   1      
  64   1          P0_PU |= GPIO_P01_PULL_UP(0x01); // 内部的上拉电阻
  65   1          P0_PD |= GPIO_P01_PULL_PD(0x01); // 内部的下拉电阻
  66   1          // 配置完上下拉电阻后，这个引脚就相当于浮空状态，同时能够避免一些电路的干扰
  67   1      
  68   1          // 位操作
  69   1          P01 = 0;
  70   1      }
  71          
  72          /**
  73           * @brief P24配置为输出模式
  74           */
  75          void p24_output_config(void)
  76          {
  77   1          P2_MD1 &= ~(GPIO_P24_MODE_SEL(0x1)); // 对应的寄存器先清零
  78   1          P2_MD1 |= GPIO_P24_MODE_SEL(0x1);    // 配置为输出模式
  79   1      
  80   1          FOUT_S24 = GPIO_FOUT_AF_FUNC; // 选择AF功能输出
  81   1      
  82   1          // P2_PU |= GPIO_P24_PULL_UP(0x01); // 内部的上拉电阻
  83   1          // P2_PD |= GPIO_P24_PULL_PD(0x01); // 内部的下拉电阻
  84   1          // 配置完上下拉电阻后，这个引脚就相当于浮空状态，同时能够避免一些电路的干扰
  85   1      
  86   1          // 位操作
  87   1          P24 = 0;
  88   1      }
  89          
  90          /**
  91           * @brief P25配置为输出模式
  92           */
  93          void p25_output_config(void)
  94          {
  95   1          P2_MD1 &= ~(GPIO_P25_MODE_SEL(0x1)); // 对应的寄存器先清零
  96   1          P2_MD1 |= GPIO_P25_MODE_SEL(0x1);    // 配置为输出模式
  97   1      
  98   1          FOUT_S25 = GPIO_FOUT_AF_FUNC; // 选择AF功能输出
  99   1      
 100   1          // P2_PU |= GPIO_P25_PULL_UP(0x01); // 内部的上拉电阻
 101   1          // P2_PD |= GPIO_P25_PULL_PD(0x01); // 内部的下拉电阻
 102   1          // 配置完上下拉电阻后，这个引脚就相当于浮空状态，同时能够避免一些电路的干扰
 103   1      
 104   1          // 位操作
 105   1          P25 = 0;
 106   1      }
 107          
 108          /**
 109           * @brief P26配置为输出模式
 110           */
 111          void p26_output_config(void)
 112          {
 113   1          P2_MD1 &= ~(GPIO_P26_MODE_SEL(0x1)); // 对应的寄存器先清零
 114   1          P2_MD1 |= GPIO_P26_MODE_SEL(0x1);    // 配置为输出模式
 115   1      
C51 COMPILER V9.60.7.0   MY_GPIO                                                           08/09/2024 15:55:03 PAGE 3   

 116   1          FOUT_S26 = GPIO_FOUT_AF_FUNC; // 选择AF功能输出
 117   1      
 118   1          P2_PU |= GPIO_P26_PULL_UP(0x01); // 内部的上拉电阻
 119   1          P2_PD |= GPIO_P26_PULL_PD(0x01); // 内部的下拉电阻
 120   1          // 配置完上下拉电阻后，这个引脚就相当于浮空状态，同时能够避免一些电路的干扰
 121   1      
 122   1          // 位操作
 123   1          P26 = 0;
 124   1      }
 125          
 126          // p06配置成输入上拉模式
 127          void p06_input_config(void)
 128          {
 129   1          // 配置为输入模式
 130   1          P0_MD1 &= ~(GPIO_P06_MODE_SEL(0x3));
 131   1          // 配置为上拉
 132   1          P0_PU |= (GPIO_P06_PULL_UP(0x1));
 133   1      }
 134          
 135          // p07配置成输入上拉模式
 136          void p07_input_config(void)
 137          {
 138   1          // 配置为输入模式
 139   1          P0_MD1 &= ~(GPIO_P07_MODE_SEL(0x3));
 140   1          // 配置为上拉
 141   1          P0_PU |= (GPIO_P07_PULL_UP(0x1));
 142   1      }
 143          
 144          // p10配置成输入上拉模式
 145          void p10_input_config(void)
 146          {
 147   1          // 配置为输入模式
 148   1          P1_MD0 &= ~(GPIO_P10_MODE_SEL(0x3));
 149   1          // 配置为上拉
 150   1          P1_PU |= (GPIO_P10_PULL_UP(0x1));
 151   1      }
 152          
 153          // p13配置成输入上拉模式
 154          void p13_input_config(void)
 155          {
 156   1          // 配置为输入模式
 157   1          P1_MD0 &= ~(GPIO_P13_MODE_SEL(0x3));
 158   1          // 配置为上拉
 159   1          P1_PU |= (GPIO_P13_PULL_UP(0x1));
 160   1      }
 161          
 162          // p14配置成输入上拉模式
 163          void p14_input_config(void)
 164          {
 165   1          // 配置为输入模式
 166   1          P1_MD1 &= ~(GPIO_P14_MODE_SEL(0x3));
 167   1          // 配置为上拉
 168   1          P1_PU |= (GPIO_P14_PULL_UP(0x1));
 169   1      }
 170          
 171          // p15配置成输入上拉模式
 172          void p15_input_config(void)
 173          {
 174   1          // 配置为输入模式
 175   1          P1_MD1 &= ~(GPIO_P15_MODE_SEL(0x3));
 176   1          // 配置为上拉
 177   1          P1_PU |= (GPIO_P15_PULL_UP(0x1));
C51 COMPILER V9.60.7.0   MY_GPIO                                                           08/09/2024 15:55:03 PAGE 4   

 178   1      }
 179          
 180          // p17配置成输入上拉模式
 181          void p17_input_config(void)
 182          {
 183   1          // 配置为输入模式
 184   1          P1_MD1 &= ~(GPIO_P17_MODE_SEL(0x3));
 185   1          // 配置为上拉
 186   1          P1_PU |= (GPIO_P17_PULL_UP(0x1));
 187   1      }
 188          
 189          // p21配置成输入上拉模式
 190          void p21_input_config(void)
 191          {
 192   1          // 配置为输入模式
 193   1          P2_MD0 &= ~(GPIO_P21_MODE_SEL(0x3));
 194   1          // 配置为上拉
 195   1          P2_PU |= (GPIO_P21_PULL_UP(0x1));
 196   1      }
 197          
 198          // p22配置成输入上拉模式
 199          void p22_input_config(void)
 200          {
 201   1          // 配置为输入模式
 202   1          P2_MD0 &= ~(GPIO_P22_MODE_SEL(0x3));
 203   1          // 配置为上拉
 204   1          P2_PU |= (GPIO_P22_PULL_UP(0x1));
 205   1      }
 206          
 207          // p23配置成输入上拉模式
 208          void p23_input_config(void)
 209          {
 210   1          // 配置为输入模式
 211   1          P2_MD0 &= ~(GPIO_P23_MODE_SEL(0x3));
 212   1          // 配置为上拉
 213   1          P2_PU |= (GPIO_P23_PULL_UP(0x1));
 214   1      }
 215          
 216          // p27配置成输入上拉模式
 217          void p27_input_config(void)
 218          {
 219   1          // 配置为输入模式
 220   1          P2_MD1 &= ~(GPIO_P27_MODE_SEL(0x3));
 221   1          // 配置为上拉
 222   1          P2_PU |= (GPIO_P27_PULL_UP(0x1));
 223   1      }
 224          
 225          // P30配置成输入上拉模式
 226          void p30_input_config(void)
 227          {
 228   1          // 配置为输入模式
 229   1          P3_MD0 &= ~(GPIO_P30_MODE_SEL(0x3));
 230   1          // 配置为上拉
 231   1          P3_PU |= (GPIO_P30_PULL_UP(0x1));
 232   1      }
 233          
 234          // P31配置成输入上拉模式
 235          void p31_input_config(void)
 236          {
 237   1          // 配置为输入模式
 238   1          P3_MD0 &= ~(GPIO_P31_MODE_SEL(0x3));
 239   1          // 配置为上拉
C51 COMPILER V9.60.7.0   MY_GPIO                                                           08/09/2024 15:55:03 PAGE 5   

 240   1          P3_PU |= (GPIO_P31_PULL_UP(0x1));
 241   1      }


MODULE INFORMATION:   STATIC OVERLAYABLE
   CODE SIZE        =    339    ----
   CONSTANT SIZE    =   ----    ----
   XDATA SIZE       =   ----    ----
   PDATA SIZE       =   ----    ----
   DATA SIZE        =   ----    ----
   IDATA SIZE       =   ----    ----
   BIT SIZE         =   ----    ----
END OF MODULE INFORMATION.


C51 COMPILATION COMPLETE.  0 WARNING(S),  0 ERROR(S)
