C51 COMPILER V9.60.7.0   POWER_LIGHT                                                       07/31/2024 11:01:39 PAGE 1   


C51 COMPILER V9.60.7.0, COMPILATION OF MODULE POWER_LIGHT
OBJECT MODULE PLACED IN .\Release\Objects\power_light.obj
COMPILER INVOKED BY: C:\Keil_v5\C51\BIN\C51.EXE ..\..\Hardware\power_light.c LARGE OPTIMIZE(8,SIZE) BROWSE INTVECTOR(0X0
                    -00C) INCDIR(..\..\Libraries\Include;..\..\User;..\..\User\lib;..\..\Hardware;..\..\Lowpower;..\..\App) INTERVAL(3) DEBUG
                    - OBJECTEXTEND PRINT(.\Release\Listings\power_light.lst) OBJECT(.\Release\Objects\power_light.obj)

line level    source

   1          // encode UTF-8
   2          // 电源指示灯的驱动源程序
   3          #include "power_light.h"
   4          
   5          // 电源指示灯状态，0--关闭，1--开启
   6          bit power_light_on_off_status = 0;
   7          
   8          
   9          


MODULE INFORMATION:   STATIC OVERLAYABLE
   CODE SIZE        =   ----    ----
   CONSTANT SIZE    =   ----    ----
   XDATA SIZE       =   ----    ----
   PDATA SIZE       =   ----    ----
   DATA SIZE        =   ----    ----
   IDATA SIZE       =   ----    ----
   BIT SIZE         =      1    ----
END OF MODULE INFORMATION.


C51 COMPILATION COMPLETE.  0 WARNING(S),  0 ERROR(S)
