C51 COMPILER V9.60.7.0   SYSTEM                                                            08/09/2024 15:55:03 PAGE 1   


C51 COMPILER V9.60.7.0, COMPILATION OF MODULE SYSTEM
OBJECT MODULE PLACED IN .\Release\Objects\system.obj
COMPILER INVOKED BY: C:\Keil_v5\C51\BIN\C51.EXE ..\..\Libraries\Source\system.c LARGE OPTIMIZE(8,SIZE) BROWSE INTVECTOR(
                    -0X000C) INCDIR(..\..\Libraries\Include;..\..\User;..\..\User\lib;..\..\Hardware;..\..\Lowpower;..\..\App) INTERVAL(3) DE
                    -BUG OBJECTEXTEND PRINT(.\Release\Listings\system.lst) OBJECT(.\Release\Objects\system.obj)

line level    source

   1          /**
   2           ******************************************************************************
   3           * @file    system.c
   4           * @author  HUGE-IC Application Team
   5           * @version V1.0.0
   6           * @date    01-05-2021
   7           * @brief   Main program body
   8           ******************************************************************************
   9           * @attention
  10           *
  11           * <h2><center>&copy; COPYRIGHT 2021 HUGE-IC</center></h2>
  12           *
  13           *
  14           *
  15           ******************************************************************************
  16           */
  17          
  18          /* Includes ------------------------------------------------------------------*/
  19          #include "include.h"
  20          #include "system.h"
  21          
  22          /** @addtogroup Template_Project
  23           * @{
  24           */
  25          
  26          /* Private typedef -----------------------------------------------------------*/
  27          /* Private define ------------------------------------------------------------*/
  28          /* Private macro -------------------------------------------------------------*/
  29          /* Private variables ---------------------------------------------------------*/
  30          /* Private function prototypes -----------------------------------------------*/
  31          /* Private functions ---------------------------------------------------------*/
  32          
  33          /**
  34           * @brief  Delay function
  35           * @param  cnt : the number of cnt to delay
  36           * @retval None
  37           */
  38          void delay(u16 cnt)
  39          {
  40   1          while (cnt--)
  41   1          {
  42   2          }
  43   1      }
  44          
  45          // 100微秒级延时(误差1%~5%)
  46          void delay_100us(u32 xus)
  47          {
  48   1          while(xus--)
  49   1          {
  50   2              u8 i = 342;
  51   2              while(i--);
  52   2          }
  53   1      }
C51 COMPILER V9.60.7.0   SYSTEM                                                            08/09/2024 15:55:03 PAGE 2   

  54          
  55          /**
  56           * @brief  Delay function
  57           * @param  ms : the number of ms to delay
  58           * @retval None
  59           */
  60          void delay_ms(u32 ms)
  61          {
  62   1          while (ms--)
  63   1          {
  64   2      #if 0 // 如果开启了看门狗，需要使用这部分的代码
                      // WDT_KEY = WDT_KEY_VAL(0xAA); // 喂狗操作
                      // delay(1140); // 调试得出的数值（由于这里加了喂狗操作，数值需要重新调整，不用原来的1450）
              #endif
  68   2      
  69   2              delay(1135);
  70   2          }
  71   1      }
  72          
  73          /**
  74           * @brief  System initialization function
  75           * @param  None
  76           * @retval None
  77           */
  78          void system_init(void)
  79          {
  80   1          u8 i;
  81   1      
  82   1          CLK_ACON0 |= CLK_AIP_HRC_EN(0x1); // 使能 HIRC
  83   1          __HIRC_DELAY;                     // 该延迟不可删除,等待HIRC稳定并能保证烧录稳定性
  84   1          FLASH_TIMEREG0 = 0x55;
  85   1          /* 如果系统时钟配置为48mhz，则FLASH_TIMEREG1 = 0x54 */
  86   1          /* 如果系统时钟配置为24mhz-12mhz，则FLASH_TIMEREG1 = 0x50 */
  87   1          FLASH_TIMEREG1 = 0x5C;              // FLASH访问速度 = 系统时钟/4
  88   1          CLK_CON2 = 0x50 | CLK_SYS_DIV(0x0); // 系统时钟不分频 HIRC48M
  89   1          CLK_CON0 = CLK_SYSCLK_SEL(0x3);     // 系统时钟选择
  90   1          CLK_CON6 = CLK_FLASH_DIV(47);       // FLASH烧写时钟48分频：1M
  91   1          LVD_CON2 = 3;                       // 滤波周期
  92   1          LVD_CON1 &= ~(0x3);                 // VCC\VDD 低电滤波去抖功能
  93   1      
  94   1          // 初始化寄存器
  95   1          // FOUT_S00 ~ FOUT_SEL
  96   1          for (i = 0x18; i <= 0x32; i++)
  97   1          {
  98   2              *(unsigned char volatile xdata *)(IOFUNC_BASE + i) = 0x0;
  99   2          }
 100   1      
 101   1          __LOADER_CHIP_TRIM; // 装载芯片各个模块校准值
 102   1      }
 103          
 104          /*************************** (C) COPYRIGHT 2021 HUGE-IC ***** END OF FILE *****/


MODULE INFORMATION:   STATIC OVERLAYABLE
   CODE SIZE        =    305    ----
   CONSTANT SIZE    =   ----    ----
   XDATA SIZE       =   ----       9
   PDATA SIZE       =   ----    ----
   DATA SIZE        =   ----    ----
   IDATA SIZE       =   ----    ----
   BIT SIZE         =   ----    ----
END OF MODULE INFORMATION.

C51 COMPILER V9.60.7.0   SYSTEM                                                            08/09/2024 15:55:03 PAGE 3   


C51 COMPILATION COMPLETE.  0 WARNING(S),  0 ERROR(S)
